==51774== Memcheck, a memory error detector
==51774== Copyright (C) 2002-2022, and GNU GPL'd, by Julian Seward et al.
==51774== Using Valgrind-3.22.0 and LibVEX; rerun with -h for copyright info
==51774== Command: ./minishell
==51774== Parent PID: 12694
==51774== 
==51774== 
==51774== HEAP SUMMARY:
==51774==     in use at exit: 232,823 bytes in 239 blocks
==51774==   total heap usage: 2,345 allocs, 2,106 frees, 330,220 bytes allocated
==51774== 
==51774== 5 bytes in 2 blocks are definitely lost in loss record 1 of 76
==51774==    at 0x4846828: malloc (in /usr/libexec/valgrind/vgpreload_memcheck-amd64-linux.so)
==51774==    by 0x10ED76: ft_strdup (in /home/ltrento/42/minishell/mainbranch/minishell)
==51774==    by 0x10C0FC: put_redirect (set_cmd.c:19)
==51774==    by 0x10C16C: make_cmd (set_cmd.c:33)
==51774==    by 0x10C349: set_cmds (set_cmd.c:91)
==51774==    by 0x10A0FA: parsing (parsing_e_token.c:101)
==51774==    by 0x1095AA: main (main.c:26)
==51774== 
==51774== 6 bytes in 3 blocks are definitely lost in loss record 2 of 76
==51774==    at 0x4846828: malloc (in /usr/libexec/valgrind/vgpreload_memcheck-amd64-linux.so)
==51774==    by 0x10ED76: ft_strdup (in /home/ltrento/42/minishell/mainbranch/minishell)
==51774==    by 0x10C0B2: put_redirect (set_cmd.c:12)
==51774==    by 0x10C16C: make_cmd (set_cmd.c:33)
==51774==    by 0x10C349: set_cmds (set_cmd.c:91)
==51774==    by 0x10A0FA: parsing (parsing_e_token.c:101)
==51774==    by 0x1095AA: main (main.c:26)
==51774== 
==51774== 8 bytes in 1 blocks are still reachable in loss record 3 of 76
==51774==    at 0x4846828: malloc (in /usr/libexec/valgrind/vgpreload_memcheck-amd64-linux.so)
==51774==    by 0x496935E: strdup (strdup.c:42)
==51774==    by 0x4AE6FE7: _nc_trim_sgr0 (in /usr/lib/x86_64-linux-gnu/libtinfo.so.6.4)
==51774==    by 0x4AE39B7: tgetent_sp (in /usr/lib/x86_64-linux-gnu/libtinfo.so.6.4)
==51774==    by 0x4897CE4: _rl_init_terminal_io (in /usr/lib/x86_64-linux-gnu/libreadline.so.8.2)
==51774==    by 0x48835D7: rl_initialize (in /usr/lib/x86_64-linux-gnu/libreadline.so.8.2)
==51774==    by 0x4883896: readline (in /usr/lib/x86_64-linux-gnu/libreadline.so.8.2)
==51774==    by 0x109565: main (main.c:22)
==51774== 
==51774== 8 bytes in 1 blocks are still reachable in loss record 4 of 76
==51774==    at 0x484DB80: realloc (in /usr/libexec/valgrind/vgpreload_memcheck-amd64-linux.so)
==51774==    by 0x489CC81: xrealloc (in /usr/lib/x86_64-linux-gnu/libreadline.so.8.2)
==51774==    by 0x48883BE: ??? (in /usr/lib/x86_64-linux-gnu/libreadline.so.8.2)
==51774==    by 0x4888CCD: rl_expand_prompt (in /usr/lib/x86_64-linux-gnu/libreadline.so.8.2)
==51774==    by 0x487747F: rl_set_prompt (in /usr/lib/x86_64-linux-gnu/libreadline.so.8.2)
==51774==    by 0x4883891: readline (in /usr/lib/x86_64-linux-gnu/libreadline.so.8.2)
==51774==    by 0x109565: main (main.c:22)
==51774== 
==51774== 8 bytes in 1 blocks are still reachable in loss record 5 of 76
==51774==    at 0x4846828: malloc (in /usr/libexec/valgrind/vgpreload_memcheck-amd64-linux.so)
==51774==    by 0x489C0EC: xmalloc (in /usr/lib/x86_64-linux-gnu/libreadline.so.8.2)
==51774==    by 0x48963EB: _rl_init_locale (in /usr/lib/x86_64-linux-gnu/libreadline.so.8.2)
==51774==    by 0x489655C: _rl_reset_locale (in /usr/lib/x86_64-linux-gnu/libreadline.so.8.2)
==51774==    by 0x4883794: rl_initialize (in /usr/lib/x86_64-linux-gnu/libreadline.so.8.2)
==51774==    by 0x4883896: readline (in /usr/lib/x86_64-linux-gnu/libreadline.so.8.2)
==51774==    by 0x109565: main (main.c:22)
==51774== 
==51774== 9 bytes in 1 blocks are still reachable in loss record 6 of 76
==51774==    at 0x4846828: malloc (in /usr/libexec/valgrind/vgpreload_memcheck-amd64-linux.so)
==51774==    by 0x489C0EC: xmalloc (in /usr/lib/x86_64-linux-gnu/libreadline.so.8.2)
==51774==    by 0x4897919: _rl_reset_region_color (in /usr/lib/x86_64-linux-gnu/libreadline.so.8.2)
==51774==    by 0x4897E6B: _rl_init_terminal_io (in /usr/lib/x86_64-linux-gnu/libreadline.so.8.2)
==51774==    by 0x48835D7: rl_initialize (in /usr/lib/x86_64-linux-gnu/libreadline.so.8.2)
==51774==    by 0x4883896: readline (in /usr/lib/x86_64-linux-gnu/libreadline.so.8.2)
==51774==    by 0x109565: main (main.c:22)
==51774== 
==51774== 11 bytes in 1 blocks are still reachable in loss record 7 of 76
==51774==    at 0x4846828: malloc (in /usr/libexec/valgrind/vgpreload_memcheck-amd64-linux.so)
==51774==    by 0x489C0EC: xmalloc (in /usr/lib/x86_64-linux-gnu/libreadline.so.8.2)
==51774==    by 0x4897919: _rl_reset_region_color (in /usr/lib/x86_64-linux-gnu/libreadline.so.8.2)
==51774==    by 0x4897E7C: _rl_init_terminal_io (in /usr/lib/x86_64-linux-gnu/libreadline.so.8.2)
==51774==    by 0x48835D7: rl_initialize (in /usr/lib/x86_64-linux-gnu/libreadline.so.8.2)
==51774==    by 0x4883896: readline (in /usr/lib/x86_64-linux-gnu/libreadline.so.8.2)
==51774==    by 0x109565: main (main.c:22)
==51774== 
==51774== 12 bytes in 1 blocks are still reachable in loss record 8 of 76
==51774==    at 0x4846828: malloc (in /usr/libexec/valgrind/vgpreload_memcheck-amd64-linux.so)
==51774==    by 0x489C0EC: xmalloc (in /usr/lib/x86_64-linux-gnu/libreadline.so.8.2)
==51774==    by 0x4877458: rl_set_prompt (in /usr/lib/x86_64-linux-gnu/libreadline.so.8.2)
==51774==    by 0x4883891: readline (in /usr/lib/x86_64-linux-gnu/libreadline.so.8.2)
==51774==    by 0x109565: main (main.c:22)
==51774== 
==51774== 12 bytes in 1 blocks are still reachable in loss record 9 of 76
==51774==    at 0x4846828: malloc (in /usr/libexec/valgrind/vgpreload_memcheck-amd64-linux.so)
==51774==    by 0x489C0EC: xmalloc (in /usr/lib/x86_64-linux-gnu/libreadline.so.8.2)
==51774==    by 0x4888389: ??? (in /usr/lib/x86_64-linux-gnu/libreadline.so.8.2)
==51774==    by 0x4888CCD: rl_expand_prompt (in /usr/lib/x86_64-linux-gnu/libreadline.so.8.2)
==51774==    by 0x487747F: rl_set_prompt (in /usr/lib/x86_64-linux-gnu/libreadline.so.8.2)
==51774==    by 0x4883891: readline (in /usr/lib/x86_64-linux-gnu/libreadline.so.8.2)
==51774==    by 0x109565: main (main.c:22)
==51774== 
==51774== 13 bytes in 1 blocks are still reachable in loss record 10 of 76
==51774==    at 0x4846828: malloc (in /usr/libexec/valgrind/vgpreload_memcheck-amd64-linux.so)
==51774==    by 0x489C0EC: xmalloc (in /usr/lib/x86_64-linux-gnu/libreadline.so.8.2)
==51774==    by 0x4889B35: ??? (in /usr/lib/x86_64-linux-gnu/libreadline.so.8.2)
==51774==    by 0x4883600: rl_initialize (in /usr/lib/x86_64-linux-gnu/libreadline.so.8.2)
==51774==    by 0x4883896: readline (in /usr/lib/x86_64-linux-gnu/libreadline.so.8.2)
==51774==    by 0x109565: main (main.c:22)
==51774== 
==51774== 14 bytes in 1 blocks are still reachable in loss record 11 of 76
==51774==    at 0x4846828: malloc (in /usr/libexec/valgrind/vgpreload_memcheck-amd64-linux.so)
==51774==    by 0x496935E: strdup (strdup.c:42)
==51774==    by 0x4AD62D0: ??? (in /usr/lib/x86_64-linux-gnu/libtinfo.so.6.4)
==51774==    by 0x4AD8F9D: _nc_first_db (in /usr/lib/x86_64-linux-gnu/libtinfo.so.6.4)
==51774==    by 0x4AE7A8A: _nc_read_entry2 (in /usr/lib/x86_64-linux-gnu/libtinfo.so.6.4)
==51774==    by 0x4AE3135: ??? (in /usr/lib/x86_64-linux-gnu/libtinfo.so.6.4)
==51774==    by 0x4AE32C5: _nc_setupterm (in /usr/lib/x86_64-linux-gnu/libtinfo.so.6.4)
==51774==    by 0x4AE37D6: tgetent_sp (in /usr/lib/x86_64-linux-gnu/libtinfo.so.6.4)
==51774==    by 0x4897CE4: _rl_init_terminal_io (in /usr/lib/x86_64-linux-gnu/libreadline.so.8.2)
==51774==    by 0x48835D7: rl_initialize (in /usr/lib/x86_64-linux-gnu/libreadline.so.8.2)
==51774==    by 0x4883896: readline (in /usr/lib/x86_64-linux-gnu/libreadline.so.8.2)
==51774==    by 0x109565: main (main.c:22)
==51774== 
==51774== 14 bytes in 1 blocks are still reachable in loss record 12 of 76
==51774==    at 0x484DB80: realloc (in /usr/libexec/valgrind/vgpreload_memcheck-amd64-linux.so)
==51774==    by 0x4AD79DC: _nc_doalloc (in /usr/lib/x86_64-linux-gnu/libtinfo.so.6.4)
==51774==    by 0x4AE0657: _nc_tiparm (in /usr/lib/x86_64-linux-gnu/libtinfo.so.6.4)
==51774==    by 0x4AE6F4F: ??? (in /usr/lib/x86_64-linux-gnu/libtinfo.so.6.4)
==51774==    by 0x4AE6FD9: _nc_trim_sgr0 (in /usr/lib/x86_64-linux-gnu/libtinfo.so.6.4)
==51774==    by 0x4AE39B7: tgetent_sp (in /usr/lib/x86_64-linux-gnu/libtinfo.so.6.4)
==51774==    by 0x4897CE4: _rl_init_terminal_io (in /usr/lib/x86_64-linux-gnu/libreadline.so.8.2)
==51774==    by 0x48835D7: rl_initialize (in /usr/lib/x86_64-linux-gnu/libreadline.so.8.2)
==51774==    by 0x4883896: readline (in /usr/lib/x86_64-linux-gnu/libreadline.so.8.2)
==51774==    by 0x109565: main (main.c:22)
==51774== 
==51774== 15 bytes in 1 blocks are still reachable in loss record 13 of 76
==51774==    at 0x4846828: malloc (in /usr/libexec/valgrind/vgpreload_memcheck-amd64-linux.so)
==51774==    by 0x496935E: strdup (strdup.c:42)
==51774==    by 0x4AE3328: _nc_setupterm (in /usr/lib/x86_64-linux-gnu/libtinfo.so.6.4)
==51774==    by 0x4AE37D6: tgetent_sp (in /usr/lib/x86_64-linux-gnu/libtinfo.so.6.4)
==51774==    by 0x4897CE4: _rl_init_terminal_io (in /usr/lib/x86_64-linux-gnu/libreadline.so.8.2)
==51774==    by 0x48835D7: rl_initialize (in /usr/lib/x86_64-linux-gnu/libreadline.so.8.2)
==51774==    by 0x4883896: readline (in /usr/lib/x86_64-linux-gnu/libreadline.so.8.2)
==51774==    by 0x109565: main (main.c:22)
==51774== 
==51774== 16 bytes in 1 blocks are still reachable in loss record 14 of 76
==51774==    at 0x4846828: malloc (in /usr/libexec/valgrind/vgpreload_memcheck-amd64-linux.so)
==51774==    by 0x48836F1: rl_initialize (in /usr/lib/x86_64-linux-gnu/libreadline.so.8.2)
==51774==    by 0x4883896: readline (in /usr/lib/x86_64-linux-gnu/libreadline.so.8.2)
==51774==    by 0x109565: main (main.c:22)
==51774== 
==51774== 20 bytes in 1 blocks are still reachable in loss record 15 of 76
==51774==    at 0x4846828: malloc (in /usr/libexec/valgrind/vgpreload_memcheck-amd64-linux.so)
==51774==    by 0x489C0EC: xmalloc (in /usr/lib/x86_64-linux-gnu/libreadline.so.8.2)
==51774==    by 0x4886B93: ??? (in /usr/lib/x86_64-linux-gnu/libreadline.so.8.2)
==51774==    by 0x48896AB: rl_parse_and_bind (in /usr/lib/x86_64-linux-gnu/libreadline.so.8.2)
==51774==    by 0x4889AAB: ??? (in /usr/lib/x86_64-linux-gnu/libreadline.so.8.2)
==51774==    by 0x4883600: rl_initialize (in /usr/lib/x86_64-linux-gnu/libreadline.so.8.2)
==51774==    by 0x4883896: readline (in /usr/lib/x86_64-linux-gnu/libreadline.so.8.2)
==51774==    by 0x109565: main (main.c:22)
==51774== 
==51774== 24 bytes in 1 blocks are still reachable in loss record 16 of 76
==51774==    at 0x4846828: malloc (in /usr/libexec/valgrind/vgpreload_memcheck-amd64-linux.so)
==51774==    by 0x49DD4E0: tsearch (tsearch.c:337)
==51774==    by 0x4ADB6C7: ??? (in /usr/lib/x86_64-linux-gnu/libtinfo.so.6.4)
==51774==    by 0x4AE0278: _nc_tiparm (in /usr/lib/x86_64-linux-gnu/libtinfo.so.6.4)
==51774==    by 0x4AE6F4F: ??? (in /usr/lib/x86_64-linux-gnu/libtinfo.so.6.4)
==51774==    by 0x4AE6FD9: _nc_trim_sgr0 (in /usr/lib/x86_64-linux-gnu/libtinfo.so.6.4)
==51774==    by 0x4AE39B7: tgetent_sp (in /usr/lib/x86_64-linux-gnu/libtinfo.so.6.4)
==51774==    by 0x4897CE4: _rl_init_terminal_io (in /usr/lib/x86_64-linux-gnu/libreadline.so.8.2)
==51774==    by 0x48835D7: rl_initialize (in /usr/lib/x86_64-linux-gnu/libreadline.so.8.2)
==51774==    by 0x4883896: readline (in /usr/lib/x86_64-linux-gnu/libreadline.so.8.2)
==51774==    by 0x109565: main (main.c:22)
==51774== 
==51774== 26 bytes in 1 blocks are still reachable in loss record 17 of 76
==51774==    at 0x4846828: malloc (in /usr/libexec/valgrind/vgpreload_memcheck-amd64-linux.so)
==51774==    by 0x4AD8997: _nc_home_terminfo (in /usr/lib/x86_64-linux-gnu/libtinfo.so.6.4)
==51774==    by 0x4AD8F88: _nc_first_db (in /usr/lib/x86_64-linux-gnu/libtinfo.so.6.4)
==51774==    by 0x4AE7A8A: _nc_read_entry2 (in /usr/lib/x86_64-linux-gnu/libtinfo.so.6.4)
==51774==    by 0x4AE3135: ??? (in /usr/lib/x86_64-linux-gnu/libtinfo.so.6.4)
==51774==    by 0x4AE32C5: _nc_setupterm (in /usr/lib/x86_64-linux-gnu/libtinfo.so.6.4)
==51774==    by 0x4AE37D6: tgetent_sp (in /usr/lib/x86_64-linux-gnu/libtinfo.so.6.4)
==51774==    by 0x4897CE4: _rl_init_terminal_io (in /usr/lib/x86_64-linux-gnu/libreadline.so.8.2)
==51774==    by 0x48835D7: rl_initialize (in /usr/lib/x86_64-linux-gnu/libreadline.so.8.2)
==51774==    by 0x4883896: readline (in /usr/lib/x86_64-linux-gnu/libreadline.so.8.2)
==51774==    by 0x109565: main (main.c:22)
==51774== 
==51774== 47 bytes in 1 blocks are still reachable in loss record 18 of 76
==51774==    at 0x484DB80: realloc (in /usr/libexec/valgrind/vgpreload_memcheck-amd64-linux.so)
==51774==    by 0x4AD79DC: _nc_doalloc (in /usr/lib/x86_64-linux-gnu/libtinfo.so.6.4)
==51774==    by 0x4AE64A8: _nc_read_termtype (in /usr/lib/x86_64-linux-gnu/libtinfo.so.6.4)
==51774==    by 0x4AE75C1: _nc_read_file_entry (in /usr/lib/x86_64-linux-gnu/libtinfo.so.6.4)
==51774==    by 0x4AE794C: ??? (in /usr/lib/x86_64-linux-gnu/libtinfo.so.6.4)
==51774==    by 0x4AE7AB0: _nc_read_entry2 (in /usr/lib/x86_64-linux-gnu/libtinfo.so.6.4)
==51774==    by 0x4AE3135: ??? (in /usr/lib/x86_64-linux-gnu/libtinfo.so.6.4)
==51774==    by 0x4AE32C5: _nc_setupterm (in /usr/lib/x86_64-linux-gnu/libtinfo.so.6.4)
==51774==    by 0x4AE37D6: tgetent_sp (in /usr/lib/x86_64-linux-gnu/libtinfo.so.6.4)
==51774==    by 0x4897CE4: _rl_init_terminal_io (in /usr/lib/x86_64-linux-gnu/libreadline.so.8.2)
==51774==    by 0x48835D7: rl_initialize (in /usr/lib/x86_64-linux-gnu/libreadline.so.8.2)
==51774==    by 0x4883896: readline (in /usr/lib/x86_64-linux-gnu/libreadline.so.8.2)
==51774== 
==51774== 47 bytes in 1 blocks are still reachable in loss record 19 of 76
==51774==    at 0x4846828: malloc (in /usr/libexec/valgrind/vgpreload_memcheck-amd64-linux.so)
==51774==    by 0x4AD7000: ??? (in /usr/lib/x86_64-linux-gnu/libtinfo.so.6.4)
==51774==    by 0x4AE32F7: _nc_setupterm (in /usr/lib/x86_64-linux-gnu/libtinfo.so.6.4)
==51774==    by 0x4AE37D6: tgetent_sp (in /usr/lib/x86_64-linux-gnu/libtinfo.so.6.4)
==51774==    by 0x4897CE4: _rl_init_terminal_io (in /usr/lib/x86_64-linux-gnu/libreadline.so.8.2)
==51774==    by 0x48835D7: rl_initialize (in /usr/lib/x86_64-linux-gnu/libreadline.so.8.2)
==51774==    by 0x4883896: readline (in /usr/lib/x86_64-linux-gnu/libreadline.so.8.2)
==51774==    by 0x109565: main (main.c:22)
==51774== 
==51774== 48 bytes in 1 blocks are still reachable in loss record 20 of 76
==51774==    at 0x484D953: calloc (in /usr/libexec/valgrind/vgpreload_memcheck-amd64-linux.so)
==51774==    by 0x4AD8B9B: _nc_first_db (in /usr/lib/x86_64-linux-gnu/libtinfo.so.6.4)
==51774==    by 0x4AE7A8A: _nc_read_entry2 (in /usr/lib/x86_64-linux-gnu/libtinfo.so.6.4)
==51774==    by 0x4AE3135: ??? (in /usr/lib/x86_64-linux-gnu/libtinfo.so.6.4)
==51774==    by 0x4AE32C5: _nc_setupterm (in /usr/lib/x86_64-linux-gnu/libtinfo.so.6.4)
==51774==    by 0x4AE37D6: tgetent_sp (in /usr/lib/x86_64-linux-gnu/libtinfo.so.6.4)
==51774==    by 0x4897CE4: _rl_init_terminal_io (in /usr/lib/x86_64-linux-gnu/libreadline.so.8.2)
==51774==    by 0x48835D7: rl_initialize (in /usr/lib/x86_64-linux-gnu/libreadline.so.8.2)
==51774==    by 0x4883896: readline (in /usr/lib/x86_64-linux-gnu/libreadline.so.8.2)
==51774==    by 0x109565: main (main.c:22)
==51774== 
==51774== 78 bytes in 1 blocks are still reachable in loss record 21 of 76
==51774==    at 0x4846828: malloc (in /usr/libexec/valgrind/vgpreload_memcheck-amd64-linux.so)
==51774==    by 0x4AD7129: ??? (in /usr/lib/x86_64-linux-gnu/libtinfo.so.6.4)
==51774==    by 0x4AE32F7: _nc_setupterm (in /usr/lib/x86_64-linux-gnu/libtinfo.so.6.4)
==51774==    by 0x4AE37D6: tgetent_sp (in /usr/lib/x86_64-linux-gnu/libtinfo.so.6.4)
==51774==    by 0x4897CE4: _rl_init_terminal_io (in /usr/lib/x86_64-linux-gnu/libreadline.so.8.2)
==51774==    by 0x48835D7: rl_initialize (in /usr/lib/x86_64-linux-gnu/libreadline.so.8.2)
==51774==    by 0x4883896: readline (in /usr/lib/x86_64-linux-gnu/libreadline.so.8.2)
==51774==    by 0x109565: main (main.c:22)
==51774== 
==51774== 93 bytes in 1 blocks are still reachable in loss record 22 of 76
==51774==    at 0x4846828: malloc (in /usr/libexec/valgrind/vgpreload_memcheck-amd64-linux.so)
==51774==    by 0x496935E: strdup (strdup.c:42)
==51774==    by 0x4ADB6A5: ??? (in /usr/lib/x86_64-linux-gnu/libtinfo.so.6.4)
==51774==    by 0x4AE0278: _nc_tiparm (in /usr/lib/x86_64-linux-gnu/libtinfo.so.6.4)
==51774==    by 0x4AE6F4F: ??? (in /usr/lib/x86_64-linux-gnu/libtinfo.so.6.4)
==51774==    by 0x4AE6FD9: _nc_trim_sgr0 (in /usr/lib/x86_64-linux-gnu/libtinfo.so.6.4)
==51774==    by 0x4AE39B7: tgetent_sp (in /usr/lib/x86_64-linux-gnu/libtinfo.so.6.4)
==51774==    by 0x4897CE4: _rl_init_terminal_io (in /usr/lib/x86_64-linux-gnu/libreadline.so.8.2)
==51774==    by 0x48835D7: rl_initialize (in /usr/lib/x86_64-linux-gnu/libreadline.so.8.2)
==51774==    by 0x4883896: readline (in /usr/lib/x86_64-linux-gnu/libreadline.so.8.2)
==51774==    by 0x109565: main (main.c:22)
==51774== 
==51774== 94 bytes in 1 blocks are still reachable in loss record 23 of 76
==51774==    at 0x4846828: malloc (in /usr/libexec/valgrind/vgpreload_memcheck-amd64-linux.so)
==51774==    by 0x4ADB237: _nc_tparm_analyze (in /usr/lib/x86_64-linux-gnu/libtinfo.so.6.4)
==51774==    by 0x4ADB5B2: ??? (in /usr/lib/x86_64-linux-gnu/libtinfo.so.6.4)
==51774==    by 0x4AE0278: _nc_tiparm (in /usr/lib/x86_64-linux-gnu/libtinfo.so.6.4)
==51774==    by 0x4AE6F4F: ??? (in /usr/lib/x86_64-linux-gnu/libtinfo.so.6.4)
==51774==    by 0x4AE6FD9: _nc_trim_sgr0 (in /usr/lib/x86_64-linux-gnu/libtinfo.so.6.4)
==51774==    by 0x4AE39B7: tgetent_sp (in /usr/lib/x86_64-linux-gnu/libtinfo.so.6.4)
==51774==    by 0x4897CE4: _rl_init_terminal_io (in /usr/lib/x86_64-linux-gnu/libreadline.so.8.2)
==51774==    by 0x48835D7: rl_initialize (in /usr/lib/x86_64-linux-gnu/libreadline.so.8.2)
==51774==    by 0x4883896: readline (in /usr/lib/x86_64-linux-gnu/libreadline.so.8.2)
==51774==    by 0x109565: main (main.c:22)
==51774== 
==51774== 95 bytes in 1 blocks are still reachable in loss record 24 of 76
==51774==    at 0x4846828: malloc (in /usr/libexec/valgrind/vgpreload_memcheck-amd64-linux.so)
==51774==    by 0x4AD8AFF: _nc_first_db (in /usr/lib/x86_64-linux-gnu/libtinfo.so.6.4)
==51774==    by 0x4AE7A8A: _nc_read_entry2 (in /usr/lib/x86_64-linux-gnu/libtinfo.so.6.4)
==51774==    by 0x4AE3135: ??? (in /usr/lib/x86_64-linux-gnu/libtinfo.so.6.4)
==51774==    by 0x4AE32C5: _nc_setupterm (in /usr/lib/x86_64-linux-gnu/libtinfo.so.6.4)
==51774==    by 0x4AE37D6: tgetent_sp (in /usr/lib/x86_64-linux-gnu/libtinfo.so.6.4)
==51774==    by 0x4897CE4: _rl_init_terminal_io (in /usr/lib/x86_64-linux-gnu/libreadline.so.8.2)
==51774==    by 0x48835D7: rl_initialize (in /usr/lib/x86_64-linux-gnu/libreadline.so.8.2)
==51774==    by 0x4883896: readline (in /usr/lib/x86_64-linux-gnu/libreadline.so.8.2)
==51774==    by 0x109565: main (main.c:22)
==51774== 
==51774== 156 bytes in 1 blocks are still reachable in loss record 25 of 76
==51774==    at 0x484DB80: realloc (in /usr/libexec/valgrind/vgpreload_memcheck-amd64-linux.so)
==51774==    by 0x4AD79DC: _nc_doalloc (in /usr/lib/x86_64-linux-gnu/libtinfo.so.6.4)
==51774==    by 0x4AE64C6: _nc_read_termtype (in /usr/lib/x86_64-linux-gnu/libtinfo.so.6.4)
==51774==    by 0x4AE75C1: _nc_read_file_entry (in /usr/lib/x86_64-linux-gnu/libtinfo.so.6.4)
==51774==    by 0x4AE794C: ??? (in /usr/lib/x86_64-linux-gnu/libtinfo.so.6.4)
==51774==    by 0x4AE7AB0: _nc_read_entry2 (in /usr/lib/x86_64-linux-gnu/libtinfo.so.6.4)
==51774==    by 0x4AE3135: ??? (in /usr/lib/x86_64-linux-gnu/libtinfo.so.6.4)
==51774==    by 0x4AE32C5: _nc_setupterm (in /usr/lib/x86_64-linux-gnu/libtinfo.so.6.4)
==51774==    by 0x4AE37D6: tgetent_sp (in /usr/lib/x86_64-linux-gnu/libtinfo.so.6.4)
==51774==    by 0x4897CE4: _rl_init_terminal_io (in /usr/lib/x86_64-linux-gnu/libreadline.so.8.2)
==51774==    by 0x48835D7: rl_initialize (in /usr/lib/x86_64-linux-gnu/libreadline.so.8.2)
==51774==    by 0x4883896: readline (in /usr/lib/x86_64-linux-gnu/libreadline.so.8.2)
==51774== 
==51774== 168 bytes in 1 blocks are still reachable in loss record 26 of 76
==51774==    at 0x484D953: calloc (in /usr/libexec/valgrind/vgpreload_memcheck-amd64-linux.so)
==51774==    by 0x4ADB61E: ??? (in /usr/lib/x86_64-linux-gnu/libtinfo.so.6.4)
==51774==    by 0x4AE0278: _nc_tiparm (in /usr/lib/x86_64-linux-gnu/libtinfo.so.6.4)
==51774==    by 0x4AE6F4F: ??? (in /usr/lib/x86_64-linux-gnu/libtinfo.so.6.4)
==51774==    by 0x4AE6FD9: _nc_trim_sgr0 (in /usr/lib/x86_64-linux-gnu/libtinfo.so.6.4)
==51774==    by 0x4AE39B7: tgetent_sp (in /usr/lib/x86_64-linux-gnu/libtinfo.so.6.4)
==51774==    by 0x4897CE4: _rl_init_terminal_io (in /usr/lib/x86_64-linux-gnu/libreadline.so.8.2)
==51774==    by 0x48835D7: rl_initialize (in /usr/lib/x86_64-linux-gnu/libreadline.so.8.2)
==51774==    by 0x4883896: readline (in /usr/lib/x86_64-linux-gnu/libreadline.so.8.2)
==51774==    by 0x109565: main (main.c:22)
==51774== 
==51774== 256 bytes in 1 blocks are still reachable in loss record 27 of 76
==51774==    at 0x4846828: malloc (in /usr/libexec/valgrind/vgpreload_memcheck-amd64-linux.so)
==51774==    by 0x489C0EC: xmalloc (in /usr/lib/x86_64-linux-gnu/libreadline.so.8.2)
==51774==    by 0x4883846: rl_initialize (in /usr/lib/x86_64-linux-gnu/libreadline.so.8.2)
==51774==    by 0x4883896: readline (in /usr/lib/x86_64-linux-gnu/libreadline.so.8.2)
==51774==    by 0x109565: main (main.c:22)
==51774== 
==51774== 712 bytes in 1 blocks are still reachable in loss record 28 of 76
==51774==    at 0x484D953: calloc (in /usr/libexec/valgrind/vgpreload_memcheck-amd64-linux.so)
==51774==    by 0x4AE6783: _nc_read_termtype (in /usr/lib/x86_64-linux-gnu/libtinfo.so.6.4)
==51774==    by 0x4AE75C1: _nc_read_file_entry (in /usr/lib/x86_64-linux-gnu/libtinfo.so.6.4)
==51774==    by 0x4AE794C: ??? (in /usr/lib/x86_64-linux-gnu/libtinfo.so.6.4)
==51774==    by 0x4AE7AB0: _nc_read_entry2 (in /usr/lib/x86_64-linux-gnu/libtinfo.so.6.4)
==51774==    by 0x4AE3135: ??? (in /usr/lib/x86_64-linux-gnu/libtinfo.so.6.4)
==51774==    by 0x4AE32C5: _nc_setupterm (in /usr/lib/x86_64-linux-gnu/libtinfo.so.6.4)
==51774==    by 0x4AE37D6: tgetent_sp (in /usr/lib/x86_64-linux-gnu/libtinfo.so.6.4)
==51774==    by 0x4897CE4: _rl_init_terminal_io (in /usr/lib/x86_64-linux-gnu/libreadline.so.8.2)
==51774==    by 0x48835D7: rl_initialize (in /usr/lib/x86_64-linux-gnu/libreadline.so.8.2)
==51774==    by 0x4883896: readline (in /usr/lib/x86_64-linux-gnu/libreadline.so.8.2)
==51774==    by 0x109565: main (main.c:22)
==51774== 
==51774== 712 bytes in 1 blocks are still reachable in loss record 29 of 76
==51774==    at 0x4846828: malloc (in /usr/libexec/valgrind/vgpreload_memcheck-amd64-linux.so)
==51774==    by 0x4AD727D: ??? (in /usr/lib/x86_64-linux-gnu/libtinfo.so.6.4)
==51774==    by 0x4AE32F7: _nc_setupterm (in /usr/lib/x86_64-linux-gnu/libtinfo.so.6.4)
==51774==    by 0x4AE37D6: tgetent_sp (in /usr/lib/x86_64-linux-gnu/libtinfo.so.6.4)
==51774==    by 0x4897CE4: _rl_init_terminal_io (in /usr/lib/x86_64-linux-gnu/libreadline.so.8.2)
==51774==    by 0x48835D7: rl_initialize (in /usr/lib/x86_64-linux-gnu/libreadline.so.8.2)
==51774==    by 0x4883896: readline (in /usr/lib/x86_64-linux-gnu/libreadline.so.8.2)
==51774==    by 0x109565: main (main.c:22)
==51774== 
==51774== 760 bytes in 1 blocks are still reachable in loss record 30 of 76
==51774==    at 0x484D953: calloc (in /usr/libexec/valgrind/vgpreload_memcheck-amd64-linux.so)
==51774==    by 0x4AE326F: _nc_setupterm (in /usr/lib/x86_64-linux-gnu/libtinfo.so.6.4)
==51774==    by 0x4AE37D6: tgetent_sp (in /usr/lib/x86_64-linux-gnu/libtinfo.so.6.4)
==51774==    by 0x4897CE4: _rl_init_terminal_io (in /usr/lib/x86_64-linux-gnu/libreadline.so.8.2)
==51774==    by 0x48835D7: rl_initialize (in /usr/lib/x86_64-linux-gnu/libreadline.so.8.2)
==51774==    by 0x4883896: readline (in /usr/lib/x86_64-linux-gnu/libreadline.so.8.2)
==51774==    by 0x109565: main (main.c:22)
==51774== 
==51774== 1,024 bytes in 1 blocks are still reachable in loss record 31 of 76
==51774==    at 0x4846828: malloc (in /usr/libexec/valgrind/vgpreload_memcheck-amd64-linux.so)
==51774==    by 0x489CC97: xrealloc (in /usr/lib/x86_64-linux-gnu/libreadline.so.8.2)
==51774==    by 0x48859C2: ??? (in /usr/lib/x86_64-linux-gnu/libreadline.so.8.2)
==51774==    by 0x4885AB8: ??? (in /usr/lib/x86_64-linux-gnu/libreadline.so.8.2)
==51774==    by 0x488F1D6: rl_redisplay (in /usr/lib/x86_64-linux-gnu/libreadline.so.8.2)
==51774==    by 0x4878C6D: readline_internal_setup (in /usr/lib/x86_64-linux-gnu/libreadline.so.8.2)
==51774==    by 0x48838BA: readline (in /usr/lib/x86_64-linux-gnu/libreadline.so.8.2)
==51774==    by 0x109565: main (main.c:22)
==51774== 
==51774== 1,024 bytes in 1 blocks are still reachable in loss record 32 of 76
==51774==    at 0x4846828: malloc (in /usr/libexec/valgrind/vgpreload_memcheck-amd64-linux.so)
==51774==    by 0x489CC97: xrealloc (in /usr/lib/x86_64-linux-gnu/libreadline.so.8.2)
==51774==    by 0x48859D1: ??? (in /usr/lib/x86_64-linux-gnu/libreadline.so.8.2)
==51774==    by 0x4885AB8: ??? (in /usr/lib/x86_64-linux-gnu/libreadline.so.8.2)
==51774==    by 0x488F1D6: rl_redisplay (in /usr/lib/x86_64-linux-gnu/libreadline.so.8.2)
==51774==    by 0x4878C6D: readline_internal_setup (in /usr/lib/x86_64-linux-gnu/libreadline.so.8.2)
==51774==    by 0x48838BA: readline (in /usr/lib/x86_64-linux-gnu/libreadline.so.8.2)
==51774==    by 0x109565: main (main.c:22)
==51774== 
==51774== 1,024 bytes in 1 blocks are still reachable in loss record 33 of 76
==51774==    at 0x4846828: malloc (in /usr/libexec/valgrind/vgpreload_memcheck-amd64-linux.so)
==51774==    by 0x489CC97: xrealloc (in /usr/lib/x86_64-linux-gnu/libreadline.so.8.2)
==51774==    by 0x48859E8: ??? (in /usr/lib/x86_64-linux-gnu/libreadline.so.8.2)
==51774==    by 0x4885AB8: ??? (in /usr/lib/x86_64-linux-gnu/libreadline.so.8.2)
==51774==    by 0x488F1D6: rl_redisplay (in /usr/lib/x86_64-linux-gnu/libreadline.so.8.2)
==51774==    by 0x4878C6D: readline_internal_setup (in /usr/lib/x86_64-linux-gnu/libreadline.so.8.2)
==51774==    by 0x48838BA: readline (in /usr/lib/x86_64-linux-gnu/libreadline.so.8.2)
==51774==    by 0x109565: main (main.c:22)
==51774== 
==51774== 1,024 bytes in 1 blocks are still reachable in loss record 34 of 76
==51774==    at 0x4846828: malloc (in /usr/libexec/valgrind/vgpreload_memcheck-amd64-linux.so)
==51774==    by 0x489CC97: xrealloc (in /usr/lib/x86_64-linux-gnu/libreadline.so.8.2)
==51774==    by 0x4885A01: ??? (in /usr/lib/x86_64-linux-gnu/libreadline.so.8.2)
==51774==    by 0x4885AB8: ??? (in /usr/lib/x86_64-linux-gnu/libreadline.so.8.2)
==51774==    by 0x488F1D6: rl_redisplay (in /usr/lib/x86_64-linux-gnu/libreadline.so.8.2)
==51774==    by 0x4878C6D: readline_internal_setup (in /usr/lib/x86_64-linux-gnu/libreadline.so.8.2)
==51774==    by 0x48838BA: readline (in /usr/lib/x86_64-linux-gnu/libreadline.so.8.2)
==51774==    by 0x109565: main (main.c:22)
==51774== 
==51774== 1,024 bytes in 1 blocks are still reachable in loss record 35 of 76
==51774==    at 0x4846828: malloc (in /usr/libexec/valgrind/vgpreload_memcheck-amd64-linux.so)
==51774==    by 0x489C0EC: xmalloc (in /usr/lib/x86_64-linux-gnu/libreadline.so.8.2)
==51774==    by 0x4885B17: ??? (in /usr/lib/x86_64-linux-gnu/libreadline.so.8.2)
==51774==    by 0x488F1D6: rl_redisplay (in /usr/lib/x86_64-linux-gnu/libreadline.so.8.2)
==51774==    by 0x4878C6D: readline_internal_setup (in /usr/lib/x86_64-linux-gnu/libreadline.so.8.2)
==51774==    by 0x48838BA: readline (in /usr/lib/x86_64-linux-gnu/libreadline.so.8.2)
==51774==    by 0x109565: main (main.c:22)
==51774== 
==51774== 1,024 bytes in 1 blocks are still reachable in loss record 36 of 76
==51774==    at 0x4846828: malloc (in /usr/libexec/valgrind/vgpreload_memcheck-amd64-linux.so)
==51774==    by 0x489C0EC: xmalloc (in /usr/lib/x86_64-linux-gnu/libreadline.so.8.2)
==51774==    by 0x4885B2E: ??? (in /usr/lib/x86_64-linux-gnu/libreadline.so.8.2)
==51774==    by 0x488F1D6: rl_redisplay (in /usr/lib/x86_64-linux-gnu/libreadline.so.8.2)
==51774==    by 0x4878C6D: readline_internal_setup (in /usr/lib/x86_64-linux-gnu/libreadline.so.8.2)
==51774==    by 0x48838BA: readline (in /usr/lib/x86_64-linux-gnu/libreadline.so.8.2)
==51774==    by 0x109565: main (main.c:22)
==51774== 
==51774== 1,024 bytes in 1 blocks are still reachable in loss record 37 of 76
==51774==    at 0x4846828: malloc (in /usr/libexec/valgrind/vgpreload_memcheck-amd64-linux.so)
==51774==    by 0x489C0EC: xmalloc (in /usr/lib/x86_64-linux-gnu/libreadline.so.8.2)
==51774==    by 0x4885B3D: ??? (in /usr/lib/x86_64-linux-gnu/libreadline.so.8.2)
==51774==    by 0x488F1D6: rl_redisplay (in /usr/lib/x86_64-linux-gnu/libreadline.so.8.2)
==51774==    by 0x4878C6D: readline_internal_setup (in /usr/lib/x86_64-linux-gnu/libreadline.so.8.2)
==51774==    by 0x48838BA: readline (in /usr/lib/x86_64-linux-gnu/libreadline.so.8.2)
==51774==    by 0x109565: main (main.c:22)
==51774== 
==51774== 1,024 bytes in 1 blocks are still reachable in loss record 38 of 76
==51774==    at 0x4846828: malloc (in /usr/libexec/valgrind/vgpreload_memcheck-amd64-linux.so)
==51774==    by 0x489C0EC: xmalloc (in /usr/lib/x86_64-linux-gnu/libreadline.so.8.2)
==51774==    by 0x4885B4C: ??? (in /usr/lib/x86_64-linux-gnu/libreadline.so.8.2)
==51774==    by 0x488F1D6: rl_redisplay (in /usr/lib/x86_64-linux-gnu/libreadline.so.8.2)
==51774==    by 0x4878C6D: readline_internal_setup (in /usr/lib/x86_64-linux-gnu/libreadline.so.8.2)
==51774==    by 0x48838BA: readline (in /usr/lib/x86_64-linux-gnu/libreadline.so.8.2)
==51774==    by 0x109565: main (main.c:22)
==51774== 
==51774== 1,107 bytes in 1 blocks are still reachable in loss record 39 of 76
==51774==    at 0x4846828: malloc (in /usr/libexec/valgrind/vgpreload_memcheck-amd64-linux.so)
==51774==    by 0x4AE666A: _nc_read_termtype (in /usr/lib/x86_64-linux-gnu/libtinfo.so.6.4)
==51774==    by 0x4AE75C1: _nc_read_file_entry (in /usr/lib/x86_64-linux-gnu/libtinfo.so.6.4)
==51774==    by 0x4AE794C: ??? (in /usr/lib/x86_64-linux-gnu/libtinfo.so.6.4)
==51774==    by 0x4AE7AB0: _nc_read_entry2 (in /usr/lib/x86_64-linux-gnu/libtinfo.so.6.4)
==51774==    by 0x4AE3135: ??? (in /usr/lib/x86_64-linux-gnu/libtinfo.so.6.4)
==51774==    by 0x4AE32C5: _nc_setupterm (in /usr/lib/x86_64-linux-gnu/libtinfo.so.6.4)
==51774==    by 0x4AE37D6: tgetent_sp (in /usr/lib/x86_64-linux-gnu/libtinfo.so.6.4)
==51774==    by 0x4897CE4: _rl_init_terminal_io (in /usr/lib/x86_64-linux-gnu/libreadline.so.8.2)
==51774==    by 0x48835D7: rl_initialize (in /usr/lib/x86_64-linux-gnu/libreadline.so.8.2)
==51774==    by 0x4883896: readline (in /usr/lib/x86_64-linux-gnu/libreadline.so.8.2)
==51774==    by 0x109565: main (main.c:22)
==51774== 
==51774== 1,108 bytes in 1 blocks are still reachable in loss record 40 of 76
==51774==    at 0x484D953: calloc (in /usr/libexec/valgrind/vgpreload_memcheck-amd64-linux.so)
==51774==    by 0x4AD7418: ??? (in /usr/lib/x86_64-linux-gnu/libtinfo.so.6.4)
==51774==    by 0x4AE32F7: _nc_setupterm (in /usr/lib/x86_64-linux-gnu/libtinfo.so.6.4)
==51774==    by 0x4AE37D6: tgetent_sp (in /usr/lib/x86_64-linux-gnu/libtinfo.so.6.4)
==51774==    by 0x4897CE4: _rl_init_terminal_io (in /usr/lib/x86_64-linux-gnu/libreadline.so.8.2)
==51774==    by 0x48835D7: rl_initialize (in /usr/lib/x86_64-linux-gnu/libreadline.so.8.2)
==51774==    by 0x4883896: readline (in /usr/lib/x86_64-linux-gnu/libreadline.so.8.2)
==51774==    by 0x109565: main (main.c:22)
==51774== 
==51774== 1,664 bytes in 1 blocks are still reachable in loss record 42 of 76
==51774==    at 0x4846828: malloc (in /usr/libexec/valgrind/vgpreload_memcheck-amd64-linux.so)
==51774==    by 0x4AE5CFD: _nc_read_termtype (in /usr/lib/x86_64-linux-gnu/libtinfo.so.6.4)
==51774==    by 0x4AE75C1: _nc_read_file_entry (in /usr/lib/x86_64-linux-gnu/libtinfo.so.6.4)
==51774==    by 0x4AE794C: ??? (in /usr/lib/x86_64-linux-gnu/libtinfo.so.6.4)
==51774==    by 0x4AE7AB0: _nc_read_entry2 (in /usr/lib/x86_64-linux-gnu/libtinfo.so.6.4)
==51774==    by 0x4AE3135: ??? (in /usr/lib/x86_64-linux-gnu/libtinfo.so.6.4)
==51774==    by 0x4AE32C5: _nc_setupterm (in /usr/lib/x86_64-linux-gnu/libtinfo.so.6.4)
==51774==    by 0x4AE37D6: tgetent_sp (in /usr/lib/x86_64-linux-gnu/libtinfo.so.6.4)
==51774==    by 0x4897CE4: _rl_init_terminal_io (in /usr/lib/x86_64-linux-gnu/libreadline.so.8.2)
==51774==    by 0x48835D7: rl_initialize (in /usr/lib/x86_64-linux-gnu/libreadline.so.8.2)
==51774==    by 0x4883896: readline (in /usr/lib/x86_64-linux-gnu/libreadline.so.8.2)
==51774==    by 0x109565: main (main.c:22)
==51774== 
==51774== 2,337 bytes in 1 blocks are still reachable in loss record 45 of 76
==51774==    at 0x4846828: malloc (in /usr/libexec/valgrind/vgpreload_memcheck-amd64-linux.so)
==51774==    by 0x4AD7210: ??? (in /usr/lib/x86_64-linux-gnu/libtinfo.so.6.4)
==51774==    by 0x4AE32F7: _nc_setupterm (in /usr/lib/x86_64-linux-gnu/libtinfo.so.6.4)
==51774==    by 0x4AE37D6: tgetent_sp (in /usr/lib/x86_64-linux-gnu/libtinfo.so.6.4)
==51774==    by 0x4897CE4: _rl_init_terminal_io (in /usr/lib/x86_64-linux-gnu/libreadline.so.8.2)
==51774==    by 0x48835D7: rl_initialize (in /usr/lib/x86_64-linux-gnu/libreadline.so.8.2)
==51774==    by 0x4883896: readline (in /usr/lib/x86_64-linux-gnu/libreadline.so.8.2)
==51774==    by 0x109565: main (main.c:22)
==51774== 
==51774== 4,000 bytes in 1 blocks are still reachable in loss record 46 of 76
==51774==    at 0x484DB80: realloc (in /usr/libexec/valgrind/vgpreload_memcheck-amd64-linux.so)
==51774==    by 0x4AD79DC: _nc_doalloc (in /usr/lib/x86_64-linux-gnu/libtinfo.so.6.4)
==51774==    by 0x4AE64E4: _nc_read_termtype (in /usr/lib/x86_64-linux-gnu/libtinfo.so.6.4)
==51774==    by 0x4AE75C1: _nc_read_file_entry (in /usr/lib/x86_64-linux-gnu/libtinfo.so.6.4)
==51774==    by 0x4AE794C: ??? (in /usr/lib/x86_64-linux-gnu/libtinfo.so.6.4)
==51774==    by 0x4AE7AB0: _nc_read_entry2 (in /usr/lib/x86_64-linux-gnu/libtinfo.so.6.4)
==51774==    by 0x4AE3135: ??? (in /usr/lib/x86_64-linux-gnu/libtinfo.so.6.4)
==51774==    by 0x4AE32C5: _nc_setupterm (in /usr/lib/x86_64-linux-gnu/libtinfo.so.6.4)
==51774==    by 0x4AE37D6: tgetent_sp (in /usr/lib/x86_64-linux-gnu/libtinfo.so.6.4)
==51774==    by 0x4897CE4: _rl_init_terminal_io (in /usr/lib/x86_64-linux-gnu/libreadline.so.8.2)
==51774==    by 0x48835D7: rl_initialize (in /usr/lib/x86_64-linux-gnu/libreadline.so.8.2)
==51774==    by 0x4883896: readline (in /usr/lib/x86_64-linux-gnu/libreadline.so.8.2)
==51774== 
==51774== 4,000 bytes in 1 blocks are still reachable in loss record 47 of 76
==51774==    at 0x4846828: malloc (in /usr/libexec/valgrind/vgpreload_memcheck-amd64-linux.so)
==51774==    by 0x4AD7021: ??? (in /usr/lib/x86_64-linux-gnu/libtinfo.so.6.4)
==51774==    by 0x4AE32F7: _nc_setupterm (in /usr/lib/x86_64-linux-gnu/libtinfo.so.6.4)
==51774==    by 0x4AE37D6: tgetent_sp (in /usr/lib/x86_64-linux-gnu/libtinfo.so.6.4)
==51774==    by 0x4897CE4: _rl_init_terminal_io (in /usr/lib/x86_64-linux-gnu/libreadline.so.8.2)
==51774==    by 0x48835D7: rl_initialize (in /usr/lib/x86_64-linux-gnu/libreadline.so.8.2)
==51774==    by 0x4883896: readline (in /usr/lib/x86_64-linux-gnu/libreadline.so.8.2)
==51774==    by 0x109565: main (main.c:22)
==51774== 
==51774== 4,112 bytes in 1 blocks are still reachable in loss record 50 of 76
==51774==    at 0x4846828: malloc (in /usr/libexec/valgrind/vgpreload_memcheck-amd64-linux.so)
==51774==    by 0x489C0EC: xmalloc (in /usr/lib/x86_64-linux-gnu/libreadline.so.8.2)
==51774==    by 0x48774E1: rl_make_bare_keymap (in /usr/lib/x86_64-linux-gnu/libreadline.so.8.2)
==51774==    by 0x4878398: rl_generic_bind (in /usr/lib/x86_64-linux-gnu/libreadline.so.8.2)
==51774==    by 0x4883315: rl_bind_keyseq_if_unbound_in_map (in /usr/lib/x86_64-linux-gnu/libreadline.so.8.2)
==51774==    by 0x48977E6: ??? (in /usr/lib/x86_64-linux-gnu/libreadline.so.8.2)
==51774==    by 0x4897E24: _rl_init_terminal_io (in /usr/lib/x86_64-linux-gnu/libreadline.so.8.2)
==51774==    by 0x48835D7: rl_initialize (in /usr/lib/x86_64-linux-gnu/libreadline.so.8.2)
==51774==    by 0x4883896: readline (in /usr/lib/x86_64-linux-gnu/libreadline.so.8.2)
==51774==    by 0x109565: main (main.c:22)
==51774== 
==51774== 4,112 bytes in 1 blocks are still reachable in loss record 51 of 76
==51774==    at 0x4846828: malloc (in /usr/libexec/valgrind/vgpreload_memcheck-amd64-linux.so)
==51774==    by 0x489C0EC: xmalloc (in /usr/lib/x86_64-linux-gnu/libreadline.so.8.2)
==51774==    by 0x48774E1: rl_make_bare_keymap (in /usr/lib/x86_64-linux-gnu/libreadline.so.8.2)
==51774==    by 0x4878398: rl_generic_bind (in /usr/lib/x86_64-linux-gnu/libreadline.so.8.2)
==51774==    by 0x4883315: rl_bind_keyseq_if_unbound_in_map (in /usr/lib/x86_64-linux-gnu/libreadline.so.8.2)
==51774==    by 0x489786B: ??? (in /usr/lib/x86_64-linux-gnu/libreadline.so.8.2)
==51774==    by 0x4897E24: _rl_init_terminal_io (in /usr/lib/x86_64-linux-gnu/libreadline.so.8.2)
==51774==    by 0x48835D7: rl_initialize (in /usr/lib/x86_64-linux-gnu/libreadline.so.8.2)
==51774==    by 0x4883896: readline (in /usr/lib/x86_64-linux-gnu/libreadline.so.8.2)
==51774==    by 0x109565: main (main.c:22)
==51774== 
==51774== 4,112 bytes in 1 blocks are still reachable in loss record 52 of 76
==51774==    at 0x4846828: malloc (in /usr/libexec/valgrind/vgpreload_memcheck-amd64-linux.so)
==51774==    by 0x489C0EC: xmalloc (in /usr/lib/x86_64-linux-gnu/libreadline.so.8.2)
==51774==    by 0x48774E1: rl_make_bare_keymap (in /usr/lib/x86_64-linux-gnu/libreadline.so.8.2)
==51774==    by 0x4878398: rl_generic_bind (in /usr/lib/x86_64-linux-gnu/libreadline.so.8.2)
==51774==    by 0x4883315: rl_bind_keyseq_if_unbound_in_map (in /usr/lib/x86_64-linux-gnu/libreadline.so.8.2)
==51774==    by 0x489787E: ??? (in /usr/lib/x86_64-linux-gnu/libreadline.so.8.2)
==51774==    by 0x4897E24: _rl_init_terminal_io (in /usr/lib/x86_64-linux-gnu/libreadline.so.8.2)
==51774==    by 0x48835D7: rl_initialize (in /usr/lib/x86_64-linux-gnu/libreadline.so.8.2)
==51774==    by 0x4883896: readline (in /usr/lib/x86_64-linux-gnu/libreadline.so.8.2)
==51774==    by 0x109565: main (main.c:22)
==51774== 
==51774== 4,112 bytes in 1 blocks are still reachable in loss record 53 of 76
==51774==    at 0x4846828: malloc (in /usr/libexec/valgrind/vgpreload_memcheck-amd64-linux.so)
==51774==    by 0x489C0EC: xmalloc (in /usr/lib/x86_64-linux-gnu/libreadline.so.8.2)
==51774==    by 0x48774E1: rl_make_bare_keymap (in /usr/lib/x86_64-linux-gnu/libreadline.so.8.2)
==51774==    by 0x4878398: rl_generic_bind (in /usr/lib/x86_64-linux-gnu/libreadline.so.8.2)
==51774==    by 0x4883315: rl_bind_keyseq_if_unbound_in_map (in /usr/lib/x86_64-linux-gnu/libreadline.so.8.2)
==51774==    by 0x4897891: ??? (in /usr/lib/x86_64-linux-gnu/libreadline.so.8.2)
==51774==    by 0x4897E24: _rl_init_terminal_io (in /usr/lib/x86_64-linux-gnu/libreadline.so.8.2)
==51774==    by 0x48835D7: rl_initialize (in /usr/lib/x86_64-linux-gnu/libreadline.so.8.2)
==51774==    by 0x4883896: readline (in /usr/lib/x86_64-linux-gnu/libreadline.so.8.2)
==51774==    by 0x109565: main (main.c:22)
==51774== 
==51774== 4,112 bytes in 1 blocks are still reachable in loss record 54 of 76
==51774==    at 0x4846828: malloc (in /usr/libexec/valgrind/vgpreload_memcheck-amd64-linux.so)
==51774==    by 0x489C0EC: xmalloc (in /usr/lib/x86_64-linux-gnu/libreadline.so.8.2)
==51774==    by 0x48774E1: rl_make_bare_keymap (in /usr/lib/x86_64-linux-gnu/libreadline.so.8.2)
==51774==    by 0x4878398: rl_generic_bind (in /usr/lib/x86_64-linux-gnu/libreadline.so.8.2)
==51774==    by 0x4883315: rl_bind_keyseq_if_unbound_in_map (in /usr/lib/x86_64-linux-gnu/libreadline.so.8.2)
==51774==    by 0x489786B: ??? (in /usr/lib/x86_64-linux-gnu/libreadline.so.8.2)
==51774==    by 0x4897E30: _rl_init_terminal_io (in /usr/lib/x86_64-linux-gnu/libreadline.so.8.2)
==51774==    by 0x48835D7: rl_initialize (in /usr/lib/x86_64-linux-gnu/libreadline.so.8.2)
==51774==    by 0x4883896: readline (in /usr/lib/x86_64-linux-gnu/libreadline.so.8.2)
==51774==    by 0x109565: main (main.c:22)
==51774== 
==51774== 4,112 bytes in 1 blocks are still reachable in loss record 55 of 76
==51774==    at 0x4846828: malloc (in /usr/libexec/valgrind/vgpreload_memcheck-amd64-linux.so)
==51774==    by 0x489C0EC: xmalloc (in /usr/lib/x86_64-linux-gnu/libreadline.so.8.2)
==51774==    by 0x48774E1: rl_make_bare_keymap (in /usr/lib/x86_64-linux-gnu/libreadline.so.8.2)
==51774==    by 0x4878398: rl_generic_bind (in /usr/lib/x86_64-linux-gnu/libreadline.so.8.2)
==51774==    by 0x4883315: rl_bind_keyseq_if_unbound_in_map (in /usr/lib/x86_64-linux-gnu/libreadline.so.8.2)
==51774==    by 0x489787E: ??? (in /usr/lib/x86_64-linux-gnu/libreadline.so.8.2)
==51774==    by 0x4897E30: _rl_init_terminal_io (in /usr/lib/x86_64-linux-gnu/libreadline.so.8.2)
==51774==    by 0x48835D7: rl_initialize (in /usr/lib/x86_64-linux-gnu/libreadline.so.8.2)
==51774==    by 0x4883896: readline (in /usr/lib/x86_64-linux-gnu/libreadline.so.8.2)
==51774==    by 0x109565: main (main.c:22)
==51774== 
==51774== 4,112 bytes in 1 blocks are still reachable in loss record 56 of 76
==51774==    at 0x4846828: malloc (in /usr/libexec/valgrind/vgpreload_memcheck-amd64-linux.so)
==51774==    by 0x489C0EC: xmalloc (in /usr/lib/x86_64-linux-gnu/libreadline.so.8.2)
==51774==    by 0x48774E1: rl_make_bare_keymap (in /usr/lib/x86_64-linux-gnu/libreadline.so.8.2)
==51774==    by 0x4878398: rl_generic_bind (in /usr/lib/x86_64-linux-gnu/libreadline.so.8.2)
==51774==    by 0x4883315: rl_bind_keyseq_if_unbound_in_map (in /usr/lib/x86_64-linux-gnu/libreadline.so.8.2)
==51774==    by 0x4897891: ??? (in /usr/lib/x86_64-linux-gnu/libreadline.so.8.2)
==51774==    by 0x4897E30: _rl_init_terminal_io (in /usr/lib/x86_64-linux-gnu/libreadline.so.8.2)
==51774==    by 0x48835D7: rl_initialize (in /usr/lib/x86_64-linux-gnu/libreadline.so.8.2)
==51774==    by 0x4883896: readline (in /usr/lib/x86_64-linux-gnu/libreadline.so.8.2)
==51774==    by 0x109565: main (main.c:22)
==51774== 
==51774== 4,112 bytes in 1 blocks are still reachable in loss record 57 of 76
==51774==    at 0x4846828: malloc (in /usr/libexec/valgrind/vgpreload_memcheck-amd64-linux.so)
==51774==    by 0x489C0EC: xmalloc (in /usr/lib/x86_64-linux-gnu/libreadline.so.8.2)
==51774==    by 0x48774E1: rl_make_bare_keymap (in /usr/lib/x86_64-linux-gnu/libreadline.so.8.2)
==51774==    by 0x4878398: rl_generic_bind (in /usr/lib/x86_64-linux-gnu/libreadline.so.8.2)
==51774==    by 0x4883315: rl_bind_keyseq_if_unbound_in_map (in /usr/lib/x86_64-linux-gnu/libreadline.so.8.2)
==51774==    by 0x489786B: ??? (in /usr/lib/x86_64-linux-gnu/libreadline.so.8.2)
==51774==    by 0x4897E3C: _rl_init_terminal_io (in /usr/lib/x86_64-linux-gnu/libreadline.so.8.2)
==51774==    by 0x48835D7: rl_initialize (in /usr/lib/x86_64-linux-gnu/libreadline.so.8.2)
==51774==    by 0x4883896: readline (in /usr/lib/x86_64-linux-gnu/libreadline.so.8.2)
==51774==    by 0x109565: main (main.c:22)
==51774== 
==51774== 4,112 bytes in 1 blocks are still reachable in loss record 58 of 76
==51774==    at 0x4846828: malloc (in /usr/libexec/valgrind/vgpreload_memcheck-amd64-linux.so)
==51774==    by 0x489C0EC: xmalloc (in /usr/lib/x86_64-linux-gnu/libreadline.so.8.2)
==51774==    by 0x48774E1: rl_make_bare_keymap (in /usr/lib/x86_64-linux-gnu/libreadline.so.8.2)
==51774==    by 0x4878398: rl_generic_bind (in /usr/lib/x86_64-linux-gnu/libreadline.so.8.2)
==51774==    by 0x4883315: rl_bind_keyseq_if_unbound_in_map (in /usr/lib/x86_64-linux-gnu/libreadline.so.8.2)
==51774==    by 0x489787E: ??? (in /usr/lib/x86_64-linux-gnu/libreadline.so.8.2)
==51774==    by 0x4897E3C: _rl_init_terminal_io (in /usr/lib/x86_64-linux-gnu/libreadline.so.8.2)
==51774==    by 0x48835D7: rl_initialize (in /usr/lib/x86_64-linux-gnu/libreadline.so.8.2)
==51774==    by 0x4883896: readline (in /usr/lib/x86_64-linux-gnu/libreadline.so.8.2)
==51774==    by 0x109565: main (main.c:22)
==51774== 
==51774== 4,112 bytes in 1 blocks are still reachable in loss record 59 of 76
==51774==    at 0x4846828: malloc (in /usr/libexec/valgrind/vgpreload_memcheck-amd64-linux.so)
==51774==    by 0x489C0EC: xmalloc (in /usr/lib/x86_64-linux-gnu/libreadline.so.8.2)
==51774==    by 0x48774E1: rl_make_bare_keymap (in /usr/lib/x86_64-linux-gnu/libreadline.so.8.2)
==51774==    by 0x4878398: rl_generic_bind (in /usr/lib/x86_64-linux-gnu/libreadline.so.8.2)
==51774==    by 0x4883315: rl_bind_keyseq_if_unbound_in_map (in /usr/lib/x86_64-linux-gnu/libreadline.so.8.2)
==51774==    by 0x4897891: ??? (in /usr/lib/x86_64-linux-gnu/libreadline.so.8.2)
==51774==    by 0x4897E3C: _rl_init_terminal_io (in /usr/lib/x86_64-linux-gnu/libreadline.so.8.2)
==51774==    by 0x48835D7: rl_initialize (in /usr/lib/x86_64-linux-gnu/libreadline.so.8.2)
==51774==    by 0x4883896: readline (in /usr/lib/x86_64-linux-gnu/libreadline.so.8.2)
==51774==    by 0x109565: main (main.c:22)
==51774== 
==51774== 4,112 bytes in 1 blocks are still reachable in loss record 60 of 76
==51774==    at 0x4846828: malloc (in /usr/libexec/valgrind/vgpreload_memcheck-amd64-linux.so)
==51774==    by 0x489C0EC: xmalloc (in /usr/lib/x86_64-linux-gnu/libreadline.so.8.2)
==51774==    by 0x48774E1: rl_make_bare_keymap (in /usr/lib/x86_64-linux-gnu/libreadline.so.8.2)
==51774==    by 0x4878398: rl_generic_bind (in /usr/lib/x86_64-linux-gnu/libreadline.so.8.2)
==51774==    by 0x4883315: rl_bind_keyseq_if_unbound_in_map (in /usr/lib/x86_64-linux-gnu/libreadline.so.8.2)
==51774==    by 0x488350E: ??? (in /usr/lib/x86_64-linux-gnu/libreadline.so.8.2)
==51774==    by 0x488364C: rl_initialize (in /usr/lib/x86_64-linux-gnu/libreadline.so.8.2)
==51774==    by 0x4883896: readline (in /usr/lib/x86_64-linux-gnu/libreadline.so.8.2)
==51774==    by 0x109565: main (main.c:22)
==51774== 
==51774== 4,112 bytes in 1 blocks are still reachable in loss record 61 of 76
==51774==    at 0x4846828: malloc (in /usr/libexec/valgrind/vgpreload_memcheck-amd64-linux.so)
==51774==    by 0x489C0EC: xmalloc (in /usr/lib/x86_64-linux-gnu/libreadline.so.8.2)
==51774==    by 0x48774E1: rl_make_bare_keymap (in /usr/lib/x86_64-linux-gnu/libreadline.so.8.2)
==51774==    by 0x4878398: rl_generic_bind (in /usr/lib/x86_64-linux-gnu/libreadline.so.8.2)
==51774==    by 0x4883315: rl_bind_keyseq_if_unbound_in_map (in /usr/lib/x86_64-linux-gnu/libreadline.so.8.2)
==51774==    by 0x488350E: ??? (in /usr/lib/x86_64-linux-gnu/libreadline.so.8.2)
==51774==    by 0x488365B: rl_initialize (in /usr/lib/x86_64-linux-gnu/libreadline.so.8.2)
==51774==    by 0x4883896: readline (in /usr/lib/x86_64-linux-gnu/libreadline.so.8.2)
==51774==    by 0x109565: main (main.c:22)
==51774== 
==51774== 4,112 bytes in 1 blocks are still reachable in loss record 62 of 76
==51774==    at 0x4846828: malloc (in /usr/libexec/valgrind/vgpreload_memcheck-amd64-linux.so)
==51774==    by 0x489C0EC: xmalloc (in /usr/lib/x86_64-linux-gnu/libreadline.so.8.2)
==51774==    by 0x48774E1: rl_make_bare_keymap (in /usr/lib/x86_64-linux-gnu/libreadline.so.8.2)
==51774==    by 0x4878398: rl_generic_bind (in /usr/lib/x86_64-linux-gnu/libreadline.so.8.2)
==51774==    by 0x4883315: rl_bind_keyseq_if_unbound_in_map (in /usr/lib/x86_64-linux-gnu/libreadline.so.8.2)
==51774==    by 0x488350E: ??? (in /usr/lib/x86_64-linux-gnu/libreadline.so.8.2)
==51774==    by 0x488367C: rl_initialize (in /usr/lib/x86_64-linux-gnu/libreadline.so.8.2)
==51774==    by 0x4883896: readline (in /usr/lib/x86_64-linux-gnu/libreadline.so.8.2)
==51774==    by 0x109565: main (main.c:22)
==51774== 
==51774== 7,952 bytes in 1 blocks are still reachable in loss record 63 of 76
==51774==    at 0x484D953: calloc (in /usr/libexec/valgrind/vgpreload_memcheck-amd64-linux.so)
==51774==    by 0x4AD5C77: ??? (in /usr/lib/x86_64-linux-gnu/libtinfo.so.6.4)
==51774==    by 0x4AD769D: _nc_find_type_entry (in /usr/lib/x86_64-linux-gnu/libtinfo.so.6.4)
==51774==    by 0x4ADA3C1: tgetstr_sp (in /usr/lib/x86_64-linux-gnu/libtinfo.so.6.4)
==51774==    by 0x4897D22: _rl_init_terminal_io (in /usr/lib/x86_64-linux-gnu/libreadline.so.8.2)
==51774==    by 0x48835D7: rl_initialize (in /usr/lib/x86_64-linux-gnu/libreadline.so.8.2)
==51774==    by 0x4883896: readline (in /usr/lib/x86_64-linux-gnu/libreadline.so.8.2)
==51774==    by 0x109565: main (main.c:22)
==51774== 
==51774== 8,224 bytes in 2 blocks are still reachable in loss record 64 of 76
==51774==    at 0x4846828: malloc (in /usr/libexec/valgrind/vgpreload_memcheck-amd64-linux.so)
==51774==    by 0x489C0EC: xmalloc (in /usr/lib/x86_64-linux-gnu/libreadline.so.8.2)
==51774==    by 0x48774E1: rl_make_bare_keymap (in /usr/lib/x86_64-linux-gnu/libreadline.so.8.2)
==51774==    by 0x4878398: rl_generic_bind (in /usr/lib/x86_64-linux-gnu/libreadline.so.8.2)
==51774==    by 0x4883315: rl_bind_keyseq_if_unbound_in_map (in /usr/lib/x86_64-linux-gnu/libreadline.so.8.2)
==51774==    by 0x4897858: ??? (in /usr/lib/x86_64-linux-gnu/libreadline.so.8.2)
==51774==    by 0x4897E24: _rl_init_terminal_io (in /usr/lib/x86_64-linux-gnu/libreadline.so.8.2)
==51774==    by 0x48835D7: rl_initialize (in /usr/lib/x86_64-linux-gnu/libreadline.so.8.2)
==51774==    by 0x4883896: readline (in /usr/lib/x86_64-linux-gnu/libreadline.so.8.2)
==51774==    by 0x109565: main (main.c:22)
==51774== 
==51774== 8,224 bytes in 2 blocks are still reachable in loss record 65 of 76
==51774==    at 0x4846828: malloc (in /usr/libexec/valgrind/vgpreload_memcheck-amd64-linux.so)
==51774==    by 0x489C0EC: xmalloc (in /usr/lib/x86_64-linux-gnu/libreadline.so.8.2)
==51774==    by 0x48774E1: rl_make_bare_keymap (in /usr/lib/x86_64-linux-gnu/libreadline.so.8.2)
==51774==    by 0x4878398: rl_generic_bind (in /usr/lib/x86_64-linux-gnu/libreadline.so.8.2)
==51774==    by 0x4883315: rl_bind_keyseq_if_unbound_in_map (in /usr/lib/x86_64-linux-gnu/libreadline.so.8.2)
==51774==    by 0x48977E6: ??? (in /usr/lib/x86_64-linux-gnu/libreadline.so.8.2)
==51774==    by 0x4897E30: _rl_init_terminal_io (in /usr/lib/x86_64-linux-gnu/libreadline.so.8.2)
==51774==    by 0x48835D7: rl_initialize (in /usr/lib/x86_64-linux-gnu/libreadline.so.8.2)
==51774==    by 0x4883896: readline (in /usr/lib/x86_64-linux-gnu/libreadline.so.8.2)
==51774==    by 0x109565: main (main.c:22)
==51774== 
==51774== 8,224 bytes in 2 blocks are still reachable in loss record 66 of 76
==51774==    at 0x4846828: malloc (in /usr/libexec/valgrind/vgpreload_memcheck-amd64-linux.so)
==51774==    by 0x489C0EC: xmalloc (in /usr/lib/x86_64-linux-gnu/libreadline.so.8.2)
==51774==    by 0x48774E1: rl_make_bare_keymap (in /usr/lib/x86_64-linux-gnu/libreadline.so.8.2)
==51774==    by 0x4878398: rl_generic_bind (in /usr/lib/x86_64-linux-gnu/libreadline.so.8.2)
==51774==    by 0x4883315: rl_bind_keyseq_if_unbound_in_map (in /usr/lib/x86_64-linux-gnu/libreadline.so.8.2)
==51774==    by 0x4897858: ??? (in /usr/lib/x86_64-linux-gnu/libreadline.so.8.2)
==51774==    by 0x4897E30: _rl_init_terminal_io (in /usr/lib/x86_64-linux-gnu/libreadline.so.8.2)
==51774==    by 0x48835D7: rl_initialize (in /usr/lib/x86_64-linux-gnu/libreadline.so.8.2)
==51774==    by 0x4883896: readline (in /usr/lib/x86_64-linux-gnu/libreadline.so.8.2)
==51774==    by 0x109565: main (main.c:22)
==51774== 
==51774== 8,224 bytes in 2 blocks are still reachable in loss record 67 of 76
==51774==    at 0x4846828: malloc (in /usr/libexec/valgrind/vgpreload_memcheck-amd64-linux.so)
==51774==    by 0x489C0EC: xmalloc (in /usr/lib/x86_64-linux-gnu/libreadline.so.8.2)
==51774==    by 0x48774E1: rl_make_bare_keymap (in /usr/lib/x86_64-linux-gnu/libreadline.so.8.2)
==51774==    by 0x4878398: rl_generic_bind (in /usr/lib/x86_64-linux-gnu/libreadline.so.8.2)
==51774==    by 0x4883315: rl_bind_keyseq_if_unbound_in_map (in /usr/lib/x86_64-linux-gnu/libreadline.so.8.2)
==51774==    by 0x48977E6: ??? (in /usr/lib/x86_64-linux-gnu/libreadline.so.8.2)
==51774==    by 0x4897E3C: _rl_init_terminal_io (in /usr/lib/x86_64-linux-gnu/libreadline.so.8.2)
==51774==    by 0x48835D7: rl_initialize (in /usr/lib/x86_64-linux-gnu/libreadline.so.8.2)
==51774==    by 0x4883896: readline (in /usr/lib/x86_64-linux-gnu/libreadline.so.8.2)
==51774==    by 0x109565: main (main.c:22)
==51774== 
==51774== 8,224 bytes in 2 blocks are still reachable in loss record 68 of 76
==51774==    at 0x4846828: malloc (in /usr/libexec/valgrind/vgpreload_memcheck-amd64-linux.so)
==51774==    by 0x489C0EC: xmalloc (in /usr/lib/x86_64-linux-gnu/libreadline.so.8.2)
==51774==    by 0x48774E1: rl_make_bare_keymap (in /usr/lib/x86_64-linux-gnu/libreadline.so.8.2)
==51774==    by 0x4878398: rl_generic_bind (in /usr/lib/x86_64-linux-gnu/libreadline.so.8.2)
==51774==    by 0x4883315: rl_bind_keyseq_if_unbound_in_map (in /usr/lib/x86_64-linux-gnu/libreadline.so.8.2)
==51774==    by 0x4897858: ??? (in /usr/lib/x86_64-linux-gnu/libreadline.so.8.2)
==51774==    by 0x4897E3C: _rl_init_terminal_io (in /usr/lib/x86_64-linux-gnu/libreadline.so.8.2)
==51774==    by 0x48835D7: rl_initialize (in /usr/lib/x86_64-linux-gnu/libreadline.so.8.2)
==51774==    by 0x4883896: readline (in /usr/lib/x86_64-linux-gnu/libreadline.so.8.2)
==51774==    by 0x109565: main (main.c:22)
==51774== 
==51774== 8,224 bytes in 2 blocks are still reachable in loss record 69 of 76
==51774==    at 0x4846828: malloc (in /usr/libexec/valgrind/vgpreload_memcheck-amd64-linux.so)
==51774==    by 0x489C0EC: xmalloc (in /usr/lib/x86_64-linux-gnu/libreadline.so.8.2)
==51774==    by 0x48774E1: rl_make_bare_keymap (in /usr/lib/x86_64-linux-gnu/libreadline.so.8.2)
==51774==    by 0x4878398: rl_generic_bind (in /usr/lib/x86_64-linux-gnu/libreadline.so.8.2)
==51774==    by 0x4883315: rl_bind_keyseq_if_unbound_in_map (in /usr/lib/x86_64-linux-gnu/libreadline.so.8.2)
==51774==    by 0x48834FF: ??? (in /usr/lib/x86_64-linux-gnu/libreadline.so.8.2)
==51774==    by 0x488364C: rl_initialize (in /usr/lib/x86_64-linux-gnu/libreadline.so.8.2)
==51774==    by 0x4883896: readline (in /usr/lib/x86_64-linux-gnu/libreadline.so.8.2)
==51774==    by 0x109565: main (main.c:22)
==51774== 
==51774== 8,224 bytes in 2 blocks are still reachable in loss record 70 of 76
==51774==    at 0x4846828: malloc (in /usr/libexec/valgrind/vgpreload_memcheck-amd64-linux.so)
==51774==    by 0x489C0EC: xmalloc (in /usr/lib/x86_64-linux-gnu/libreadline.so.8.2)
==51774==    by 0x48774E1: rl_make_bare_keymap (in /usr/lib/x86_64-linux-gnu/libreadline.so.8.2)
==51774==    by 0x4878398: rl_generic_bind (in /usr/lib/x86_64-linux-gnu/libreadline.so.8.2)
==51774==    by 0x4883315: rl_bind_keyseq_if_unbound_in_map (in /usr/lib/x86_64-linux-gnu/libreadline.so.8.2)
==51774==    by 0x48834FF: ??? (in /usr/lib/x86_64-linux-gnu/libreadline.so.8.2)
==51774==    by 0x488365B: rl_initialize (in /usr/lib/x86_64-linux-gnu/libreadline.so.8.2)
==51774==    by 0x4883896: readline (in /usr/lib/x86_64-linux-gnu/libreadline.so.8.2)
==51774==    by 0x109565: main (main.c:22)
==51774== 
==51774== 8,224 bytes in 2 blocks are still reachable in loss record 71 of 76
==51774==    at 0x4846828: malloc (in /usr/libexec/valgrind/vgpreload_memcheck-amd64-linux.so)
==51774==    by 0x489C0EC: xmalloc (in /usr/lib/x86_64-linux-gnu/libreadline.so.8.2)
==51774==    by 0x48774E1: rl_make_bare_keymap (in /usr/lib/x86_64-linux-gnu/libreadline.so.8.2)
==51774==    by 0x4878398: rl_generic_bind (in /usr/lib/x86_64-linux-gnu/libreadline.so.8.2)
==51774==    by 0x4883315: rl_bind_keyseq_if_unbound_in_map (in /usr/lib/x86_64-linux-gnu/libreadline.so.8.2)
==51774==    by 0x48834FF: ??? (in /usr/lib/x86_64-linux-gnu/libreadline.so.8.2)
==51774==    by 0x488367C: rl_initialize (in /usr/lib/x86_64-linux-gnu/libreadline.so.8.2)
==51774==    by 0x4883896: readline (in /usr/lib/x86_64-linux-gnu/libreadline.so.8.2)
==51774==    by 0x109565: main (main.c:22)
==51774== 
==51774== 12,336 bytes in 3 blocks are still reachable in loss record 74 of 76
==51774==    at 0x4846828: malloc (in /usr/libexec/valgrind/vgpreload_memcheck-amd64-linux.so)
==51774==    by 0x489C0EC: xmalloc (in /usr/lib/x86_64-linux-gnu/libreadline.so.8.2)
==51774==    by 0x48774E1: rl_make_bare_keymap (in /usr/lib/x86_64-linux-gnu/libreadline.so.8.2)
==51774==    by 0x4878398: rl_generic_bind (in /usr/lib/x86_64-linux-gnu/libreadline.so.8.2)
==51774==    by 0x4883315: rl_bind_keyseq_if_unbound_in_map (in /usr/lib/x86_64-linux-gnu/libreadline.so.8.2)
==51774==    by 0x48834D6: ??? (in /usr/lib/x86_64-linux-gnu/libreadline.so.8.2)
==51774==    by 0x488365B: rl_initialize (in /usr/lib/x86_64-linux-gnu/libreadline.so.8.2)
==51774==    by 0x4883896: readline (in /usr/lib/x86_64-linux-gnu/libreadline.so.8.2)
==51774==    by 0x109565: main (main.c:22)
==51774== 
==51774== 12,336 bytes in 3 blocks are still reachable in loss record 75 of 76
==51774==    at 0x4846828: malloc (in /usr/libexec/valgrind/vgpreload_memcheck-amd64-linux.so)
==51774==    by 0x489C0EC: xmalloc (in /usr/lib/x86_64-linux-gnu/libreadline.so.8.2)
==51774==    by 0x48774E1: rl_make_bare_keymap (in /usr/lib/x86_64-linux-gnu/libreadline.so.8.2)
==51774==    by 0x4878398: rl_generic_bind (in /usr/lib/x86_64-linux-gnu/libreadline.so.8.2)
==51774==    by 0x4883315: rl_bind_keyseq_if_unbound_in_map (in /usr/lib/x86_64-linux-gnu/libreadline.so.8.2)
==51774==    by 0x48834D6: ??? (in /usr/lib/x86_64-linux-gnu/libreadline.so.8.2)
==51774==    by 0x488367C: rl_initialize (in /usr/lib/x86_64-linux-gnu/libreadline.so.8.2)
==51774==    by 0x4883896: readline (in /usr/lib/x86_64-linux-gnu/libreadline.so.8.2)
==51774==    by 0x109565: main (main.c:22)
==51774== 
==51774== 24,672 bytes in 6 blocks are still reachable in loss record 76 of 76
==51774==    at 0x4846828: malloc (in /usr/libexec/valgrind/vgpreload_memcheck-amd64-linux.so)
==51774==    by 0x489C0EC: xmalloc (in /usr/lib/x86_64-linux-gnu/libreadline.so.8.2)
==51774==    by 0x48774E1: rl_make_bare_keymap (in /usr/lib/x86_64-linux-gnu/libreadline.so.8.2)
==51774==    by 0x4878398: rl_generic_bind (in /usr/lib/x86_64-linux-gnu/libreadline.so.8.2)
==51774==    by 0x48898A1: rl_parse_and_bind (in /usr/lib/x86_64-linux-gnu/libreadline.so.8.2)
==51774==    by 0x4889AAB: ??? (in /usr/lib/x86_64-linux-gnu/libreadline.so.8.2)
==51774==    by 0x4883600: rl_initialize (in /usr/lib/x86_64-linux-gnu/libreadline.so.8.2)
==51774==    by 0x4883896: readline (in /usr/lib/x86_64-linux-gnu/libreadline.so.8.2)
==51774==    by 0x109565: main (main.c:22)
==51774== 
==51774== LEAK SUMMARY:
==51774==    definitely lost: 11 bytes in 5 blocks
==51774==    indirectly lost: 0 bytes in 0 blocks
==51774==      possibly lost: 0 bytes in 0 blocks
==51774==    still reachable: 202,428 bytes in 84 blocks
==51774==         suppressed: 30,384 bytes in 150 blocks
==51774== 
==51774== For lists of detected and suppressed errors, rerun with: -s
==51774== ERROR SUMMARY: 2 errors from 2 contexts (suppressed: 0 from 0)
